<?xml version="1.0" encoding="UTF-8"?>
<coverage generated="1551395369203" clover="3.2.0">
  <project timestamp="1551395369203" name="All files">
    <metrics statements="96" coveredstatements="83" conditionals="26" coveredconditionals="21" methods="24" coveredmethods="20" elements="146" coveredelements="124" complexity="0" loc="96" ncloc="96" packages="6" files="7" classes="7">
      <package name="src">
        <metrics statements="6" coveredstatements="1" conditionals="0" coveredconditionals="0" methods="1" coveredmethods="1"/>
        <file name="App.js" path="C:\Users\Guts\Desktop\school\JuniorWinter\IntroToSoftware\Term_Project\webapp\RASP_APP\src\App.js">
          <metrics statements="1" coveredstatements="1" conditionals="0" coveredconditionals="0" methods="1" coveredmethods="1"/>
          <line num="8" count="1" type="stmt"/>
        </file>
        <file name="index.js" path="C:\Users\Guts\Desktop\school\JuniorWinter\IntroToSoftware\Term_Project\webapp\RASP_APP\src\index.js">
          <metrics statements="5" coveredstatements="0" conditionals="0" coveredconditionals="0" methods="0" coveredmethods="0"/>
          <line num="1" count="0" type="stmt"/>
          <line num="2" count="0" type="stmt"/>
          <line num="3" count="0" type="stmt"/>
          <line num="4" count="0" type="stmt"/>
          <line num="6" count="0" type="stmt"/>
        </file>
      </package>
      <package name="src.components.ColorInput">
        <metrics statements="4" coveredstatements="4" conditionals="2" coveredconditionals="2" methods="1" coveredmethods="1"/>
        <file name="ColorInput.js" path="C:\Users\Guts\Desktop\school\JuniorWinter\IntroToSoftware\Term_Project\webapp\RASP_APP\src\components\ColorInput\ColorInput.js">
          <metrics statements="4" coveredstatements="4" conditionals="2" coveredconditionals="2" methods="1" coveredmethods="1"/>
          <line num="3" count="3" type="stmt"/>
          <line num="4" count="11" type="stmt"/>
          <line num="5" count="11" type="cond" truecount="2" falsecount="0"/>
          <line num="7" count="11" type="stmt"/>
        </file>
      </package>
      <package name="src.components.ImageInput">
        <metrics statements="2" coveredstatements="2" conditionals="0" coveredconditionals="0" methods="1" coveredmethods="1"/>
        <file name="ImageInput.js" path="C:\Users\Guts\Desktop\school\JuniorWinter\IntroToSoftware\Term_Project\webapp\RASP_APP\src\components\ImageInput\ImageInput.js">
          <metrics statements="2" coveredstatements="2" conditionals="0" coveredconditionals="0" methods="1" coveredmethods="1"/>
          <line num="3" count="2" type="stmt"/>
          <line num="4" count="8" type="stmt"/>
        </file>
      </package>
      <package name="src.components.Save">
        <metrics statements="18" coveredstatements="15" conditionals="10" coveredconditionals="9" methods="6" coveredmethods="3"/>
        <file name="Save.js" path="C:\Users\Guts\Desktop\school\JuniorWinter\IntroToSoftware\Term_Project\webapp\RASP_APP\src\components\Save\Save.js">
          <metrics statements="18" coveredstatements="15" conditionals="10" coveredconditionals="9" methods="6" coveredmethods="3"/>
          <line num="10" count="0" type="stmt"/>
          <line num="11" count="0" type="stmt"/>
          <line num="16" count="19" type="stmt"/>
          <line num="17" count="19" type="stmt"/>
          <line num="19" count="19" type="stmt"/>
          <line num="20" count="43" type="cond" truecount="2" falsecount="0"/>
          <line num="21" count="35" type="cond" truecount="2" falsecount="0"/>
          <line num="22" count="32" type="cond" truecount="2" falsecount="0"/>
          <line num="23" count="8" type="stmt"/>
          <line num="24" count="24" type="stmt"/>
          <line num="25" count="3" type="stmt"/>
          <line num="29" count="19" type="stmt"/>
          <line num="31" count="19" type="cond" truecount="2" falsecount="0"/>
          <line num="32" count="16" type="stmt"/>
          <line num="33" count="16" type="stmt"/>
          <line num="34" count="8" type="cond" truecount="1" falsecount="1"/>
          <line num="38" count="19" type="stmt"/>
          <line num="42" count="0" type="stmt"/>
        </file>
      </package>
      <package name="src.components.StringInput">
        <metrics statements="4" coveredstatements="4" conditionals="2" coveredconditionals="2" methods="1" coveredmethods="1"/>
        <file name="StringInput.js" path="C:\Users\Guts\Desktop\school\JuniorWinter\IntroToSoftware\Term_Project\webapp\RASP_APP\src\components\StringInput\StringInput.js">
          <metrics statements="4" coveredstatements="4" conditionals="2" coveredconditionals="2" methods="1" coveredmethods="1"/>
          <line num="3" count="3" type="stmt"/>
          <line num="4" count="27" type="stmt"/>
          <line num="5" count="27" type="cond" truecount="2" falsecount="0"/>
          <line num="7" count="27" type="stmt"/>
        </file>
      </package>
      <package name="src.containers.Generator">
        <metrics statements="62" coveredstatements="57" conditionals="12" coveredconditionals="8" methods="14" coveredmethods="13"/>
        <file name="Generator.js" path="C:\Users\Guts\Desktop\school\JuniorWinter\IntroToSoftware\Term_Project\webapp\RASP_APP\src\containers\Generator\Generator.js">
          <metrics statements="62" coveredstatements="57" conditionals="12" coveredconditionals="8" methods="14" coveredmethods="13"/>
          <line num="17" count="8" type="stmt"/>
          <line num="20" count="8" type="cond" truecount="1" falsecount="1"/>
          <line num="22" count="8" type="stmt"/>
          <line num="29" count="10" type="stmt"/>
          <line num="31" count="10" type="stmt"/>
          <line num="32" count="30" type="stmt"/>
          <line num="33" count="30" type="stmt"/>
          <line num="36" count="10" type="stmt"/>
          <line num="40" count="10" type="stmt"/>
          <line num="42" count="10" type="stmt"/>
          <line num="43" count="10" type="stmt"/>
          <line num="44" count="10" type="stmt"/>
          <line num="47" count="10" type="stmt"/>
          <line num="51" count="10" type="stmt"/>
          <line num="53" count="10" type="stmt"/>
          <line num="54" count="10" type="stmt"/>
          <line num="55" count="10" type="stmt"/>
          <line num="58" count="10" type="stmt"/>
          <line num="62" count="9" type="stmt"/>
          <line num="63" count="9" type="stmt"/>
          <line num="64" count="9" type="stmt"/>
          <line num="65" count="9" type="stmt"/>
          <line num="67" count="9" type="stmt"/>
          <line num="69" count="9" type="stmt"/>
          <line num="73" count="51" type="stmt"/>
          <line num="74" count="51" type="stmt"/>
          <line num="75" count="51" type="stmt"/>
          <line num="77" count="51" type="stmt"/>
          <line num="78" count="1326" type="stmt"/>
          <line num="79" count="1326" type="stmt"/>
          <line num="80" count="1326" type="stmt"/>
          <line num="83" count="51" type="stmt"/>
          <line num="89" count="51" type="stmt"/>
          <line num="94" count="0" type="cond" truecount="0" falsecount="2"/>
          <line num="95" count="0" type="stmt"/>
          <line num="96" count="0" type="stmt"/>
          <line num="98" count="0" type="stmt"/>
          <line num="104" count="16" type="stmt"/>
          <line num="105" count="16" type="stmt"/>
          <line num="106" count="16" type="stmt"/>
          <line num="107" count="16" type="stmt"/>
          <line num="109" count="16" type="stmt"/>
          <line num="110" count="40" type="stmt"/>
          <line num="111" count="40" type="stmt"/>
          <line num="112" count="40" type="stmt"/>
          <line num="113" count="40" type="stmt"/>
          <line num="116" count="16" type="stmt"/>
          <line num="117" count="40" type="cond" truecount="3" falsecount="1"/>
          <line num="119" count="24" type="stmt"/>
          <line num="120" count="24" type="stmt"/>
          <line num="132" count="8" type="stmt"/>
          <line num="133" count="8" type="stmt"/>
          <line num="143" count="8" type="stmt"/>
          <line num="152" count="0" type="stmt"/>
          <line num="156" count="16" type="stmt"/>
          <line num="157" count="16" type="stmt"/>
          <line num="158" count="40" type="cond" truecount="2" falsecount="0"/>
          <line num="159" count="8" type="stmt"/>
          <line num="162" count="16" type="stmt"/>
          <line num="163" count="16" type="cond" truecount="2" falsecount="0"/>
          <line num="164" count="8" type="stmt"/>
          <line num="172" count="16" type="stmt"/>
        </file>
      </package>
    </metrics>
  </project>
</coverage>
