<?xml version="1.0" encoding="UTF-8"?>
<coverage generated="1551215082549" clover="3.2.0">
  <project timestamp="1551215082549" name="All files">
    <metrics statements="139" coveredstatements="86" conditionals="58" coveredconditionals="21" methods="39" coveredmethods="20" elements="236" coveredelements="127" complexity="0" loc="139" ncloc="139" packages="6" files="8" classes="8">
      <package name="src">
        <metrics statements="44" coveredstatements="1" conditionals="32" coveredconditionals="0" methods="16" coveredmethods="1"/>
        <file name="App.js" path="C:\Users\Guts\Desktop\school\JuniorWinter\IntroToSoftware\Term_Project\webapp\src\App.js">
          <metrics statements="1" coveredstatements="1" conditionals="0" coveredconditionals="0" methods="1" coveredmethods="1"/>
          <line num="8" count="1" type="stmt"/>
        </file>
        <file name="index.js" path="C:\Users\Guts\Desktop\school\JuniorWinter\IntroToSoftware\Term_Project\webapp\src\index.js">
          <metrics statements="5" coveredstatements="0" conditionals="0" coveredconditionals="0" methods="0" coveredmethods="0"/>
          <line num="1" count="0" type="stmt"/>
          <line num="2" count="0" type="stmt"/>
          <line num="3" count="0" type="stmt"/>
          <line num="4" count="0" type="stmt"/>
          <line num="6" count="0" type="stmt"/>
        </file>
        <file name="serviceWorker.js" path="C:\Users\Guts\Desktop\school\JuniorWinter\IntroToSoftware\Term_Project\webapp\src\serviceWorker.js">
          <metrics statements="38" coveredstatements="0" conditionals="32" coveredconditionals="0" methods="15" coveredmethods="0"/>
          <line num="13" count="0" type="stmt"/>
          <line num="24" count="0" type="cond" truecount="0" falsecount="4"/>
          <line num="26" count="0" type="stmt"/>
          <line num="27" count="0" type="cond" truecount="0" falsecount="2"/>
          <line num="31" count="0" type="stmt"/>
          <line num="34" count="0" type="stmt"/>
          <line num="35" count="0" type="stmt"/>
          <line num="37" count="0" type="cond" truecount="0" falsecount="2"/>
          <line num="39" count="0" type="stmt"/>
          <line num="43" count="0" type="stmt"/>
          <line num="44" count="0" type="stmt"/>
          <line num="51" count="0" type="stmt"/>
          <line num="58" count="0" type="stmt"/>
          <line num="61" count="0" type="stmt"/>
          <line num="62" count="0" type="stmt"/>
          <line num="63" count="0" type="cond" truecount="0" falsecount="2"/>
          <line num="64" count="0" type="stmt"/>
          <line num="66" count="0" type="stmt"/>
          <line num="67" count="0" type="cond" truecount="0" falsecount="2"/>
          <line num="68" count="0" type="cond" truecount="0" falsecount="2"/>
          <line num="72" count="0" type="stmt"/>
          <line num="78" count="0" type="cond" truecount="0" falsecount="4"/>
          <line num="79" count="0" type="stmt"/>
          <line num="85" count="0" type="stmt"/>
          <line num="88" count="0" type="cond" truecount="0" falsecount="4"/>
          <line num="89" count="0" type="stmt"/>
          <line num="97" count="0" type="stmt"/>
          <line num="103" count="0" type="stmt"/>
          <line num="106" count="0" type="stmt"/>
          <line num="107" count="0" type="cond" truecount="0" falsecount="2"/>
          <line num="112" count="0" type="stmt"/>
          <line num="113" count="0" type="stmt"/>
          <line num="114" count="0" type="stmt"/>
          <line num="119" count="0" type="stmt"/>
          <line num="123" count="0" type="stmt"/>
          <line num="130" count="0" type="cond" truecount="0" falsecount="2"/>
          <line num="131" count="0" type="stmt"/>
          <line num="132" count="0" type="stmt"/>
        </file>
      </package>
      <package name="src.components.ColorInput">
        <metrics statements="5" coveredstatements="5" conditionals="2" coveredconditionals="2" methods="1" coveredmethods="1"/>
        <file name="ColorInput.js" path="C:\Users\Guts\Desktop\school\JuniorWinter\IntroToSoftware\Term_Project\webapp\src\components\ColorInput\ColorInput.js">
          <metrics statements="5" coveredstatements="5" conditionals="2" coveredconditionals="2" methods="1" coveredmethods="1"/>
          <line num="3" count="3" type="stmt"/>
          <line num="4" count="11" type="stmt"/>
          <line num="5" count="11" type="cond" truecount="2" falsecount="0"/>
          <line num="6" count="1" type="stmt"/>
          <line num="9" count="11" type="stmt"/>
        </file>
      </package>
      <package name="src.components.ImageInput">
        <metrics statements="2" coveredstatements="2" conditionals="0" coveredconditionals="0" methods="1" coveredmethods="1"/>
        <file name="ImageInput.js" path="C:\Users\Guts\Desktop\school\JuniorWinter\IntroToSoftware\Term_Project\webapp\src\components\ImageInput\ImageInput.js">
          <metrics statements="2" coveredstatements="2" conditionals="0" coveredconditionals="0" methods="1" coveredmethods="1"/>
          <line num="3" count="2" type="stmt"/>
          <line num="4" count="8" type="stmt"/>
        </file>
      </package>
      <package name="src.components.Save">
        <metrics statements="19" coveredstatements="15" conditionals="10" coveredconditionals="9" methods="6" coveredmethods="3"/>
        <file name="Save.js" path="C:\Users\Guts\Desktop\school\JuniorWinter\IntroToSoftware\Term_Project\webapp\src\components\Save\Save.js">
          <metrics statements="19" coveredstatements="15" conditionals="10" coveredconditionals="9" methods="6" coveredmethods="3"/>
          <line num="13" count="0" type="stmt"/>
          <line num="15" count="0" type="stmt"/>
          <line num="21" count="19" type="stmt"/>
          <line num="22" count="19" type="stmt"/>
          <line num="24" count="19" type="stmt"/>
          <line num="25" count="43" type="cond" truecount="2" falsecount="0"/>
          <line num="26" count="35" type="cond" truecount="2" falsecount="0"/>
          <line num="27" count="32" type="cond" truecount="2" falsecount="0"/>
          <line num="28" count="8" type="stmt"/>
          <line num="30" count="24" type="stmt"/>
          <line num="32" count="3" type="stmt"/>
          <line num="36" count="19" type="stmt"/>
          <line num="38" count="19" type="cond" truecount="2" falsecount="0"/>
          <line num="39" count="16" type="stmt"/>
          <line num="40" count="16" type="stmt"/>
          <line num="41" count="8" type="cond" truecount="1" falsecount="1"/>
          <line num="42" count="0" type="stmt"/>
          <line num="47" count="19" type="stmt"/>
          <line num="51" count="0" type="stmt"/>
        </file>
      </package>
      <package name="src.components.StringInput">
        <metrics statements="5" coveredstatements="5" conditionals="2" coveredconditionals="2" methods="1" coveredmethods="1"/>
        <file name="StringInput.js" path="C:\Users\Guts\Desktop\school\JuniorWinter\IntroToSoftware\Term_Project\webapp\src\components\StringInput\StringInput.js">
          <metrics statements="5" coveredstatements="5" conditionals="2" coveredconditionals="2" methods="1" coveredmethods="1"/>
          <line num="3" count="3" type="stmt"/>
          <line num="5" count="27" type="stmt"/>
          <line num="6" count="27" type="cond" truecount="2" falsecount="0"/>
          <line num="7" count="2" type="stmt"/>
          <line num="9" count="27" type="stmt"/>
        </file>
      </package>
      <package name="src.containers.Generator">
        <metrics statements="64" coveredstatements="58" conditionals="12" coveredconditionals="8" methods="14" coveredmethods="13"/>
        <file name="Generator.js" path="C:\Users\Guts\Desktop\school\JuniorWinter\IntroToSoftware\Term_Project\webapp\src\containers\Generator\Generator.js">
          <metrics statements="64" coveredstatements="58" conditionals="12" coveredconditionals="8" methods="14" coveredmethods="13"/>
          <line num="18" count="8" type="stmt"/>
          <line num="21" count="8" type="cond" truecount="1" falsecount="1"/>
          <line num="23" count="8" type="stmt"/>
          <line num="31" count="10" type="stmt"/>
          <line num="33" count="10" type="stmt"/>
          <line num="34" count="30" type="stmt"/>
          <line num="35" count="30" type="stmt"/>
          <line num="38" count="10" type="stmt"/>
          <line num="43" count="10" type="stmt"/>
          <line num="45" count="10" type="stmt"/>
          <line num="46" count="10" type="stmt"/>
          <line num="47" count="10" type="stmt"/>
          <line num="50" count="10" type="stmt"/>
          <line num="54" count="10" type="stmt"/>
          <line num="56" count="10" type="stmt"/>
          <line num="57" count="10" type="stmt"/>
          <line num="58" count="10" type="stmt"/>
          <line num="61" count="10" type="stmt"/>
          <line num="66" count="9" type="stmt"/>
          <line num="67" count="9" type="stmt"/>
          <line num="68" count="9" type="stmt"/>
          <line num="69" count="9" type="stmt"/>
          <line num="71" count="9" type="stmt"/>
          <line num="77" count="9" type="stmt"/>
          <line num="82" count="51" type="stmt"/>
          <line num="83" count="51" type="stmt"/>
          <line num="84" count="51" type="stmt"/>
          <line num="86" count="51" type="stmt"/>
          <line num="87" count="1326" type="stmt"/>
          <line num="88" count="1326" type="stmt"/>
          <line num="89" count="1326" type="stmt"/>
          <line num="92" count="51" type="stmt"/>
          <line num="98" count="51" type="stmt"/>
          <line num="104" count="0" type="cond" truecount="0" falsecount="2"/>
          <line num="105" count="0" type="stmt"/>
          <line num="107" count="0" type="stmt"/>
          <line num="108" count="0" type="stmt"/>
          <line num="110" count="0" type="stmt"/>
          <line num="117" count="16" type="stmt"/>
          <line num="118" count="16" type="stmt"/>
          <line num="119" count="16" type="stmt"/>
          <line num="120" count="16" type="stmt"/>
          <line num="123" count="16" type="stmt"/>
          <line num="124" count="40" type="stmt"/>
          <line num="125" count="40" type="stmt"/>
          <line num="126" count="40" type="stmt"/>
          <line num="127" count="40" type="stmt"/>
          <line num="131" count="16" type="stmt"/>
          <line num="132" count="40" type="cond" truecount="3" falsecount="1"/>
          <line num="134" count="24" type="stmt"/>
          <line num="135" count="24" type="stmt"/>
          <line num="147" count="8" type="stmt"/>
          <line num="148" count="8" type="stmt"/>
          <line num="158" count="8" type="stmt"/>
          <line num="167" count="0" type="stmt"/>
          <line num="172" count="16" type="stmt"/>
          <line num="173" count="16" type="stmt"/>
          <line num="174" count="40" type="cond" truecount="2" falsecount="0"/>
          <line num="175" count="8" type="stmt"/>
          <line num="178" count="16" type="stmt"/>
          <line num="180" count="16" type="stmt"/>
          <line num="181" count="16" type="cond" truecount="2" falsecount="0"/>
          <line num="182" count="8" type="stmt"/>
          <line num="191" count="16" type="stmt"/>
        </file>
      </package>
    </metrics>
  </project>
</coverage>
