{"C:\\Users\\Guts\\Desktop\\school\\JuniorWinter\\IntroToSoftware\\Term_Project\\webapp\\src\\App.js": {"path":"C:\\Users\\Guts\\Desktop\\school\\JuniorWinter\\IntroToSoftware\\Term_Project\\webapp\\src\\App.js","statementMap":{"0":{"start":{"line":8,"column":4},"end":{"line":10,"column":6}}},"fnMap":{"0":{"name":"(anonymous_0)","decl":{"start":{"line":7,"column":2},"end":{"line":7,"column":3}},"loc":{"start":{"line":7,"column":11},"end":{"line":11,"column":3}},"line":7}},"branchMap":{},"s":{"0":1},"f":{"0":1},"b":{},"_coverageSchema":"332fd63041d2c1bcb487cc26dd0d5f7d97098a6c","hash":"b38a56940b94b544944e24dddb65b345266b04f6"}
,"C:\\Users\\Guts\\Desktop\\school\\JuniorWinter\\IntroToSoftware\\Term_Project\\webapp\\src\\index.js": {"path":"C:\\Users\\Guts\\Desktop\\school\\JuniorWinter\\IntroToSoftware\\Term_Project\\webapp\\src\\index.js","statementMap":{"0":{"start":{"line":1,"column":0},"end":{"line":null,"column":-1}},"1":{"start":{"line":2,"column":0},"end":{"line":null,"column":-1}},"2":{"start":{"line":3,"column":0},"end":{"line":null,"column":-1}},"3":{"start":{"line":4,"column":0},"end":{"line":null,"column":-1}},"4":{"start":{"line":6,"column":0},"end":{"line":null,"column":-1}}},"fnMap":{},"branchMap":{},"s":{"0":0,"1":0,"2":0,"3":0,"4":0},"f":{},"b":{}}
,"C:\\Users\\Guts\\Desktop\\school\\JuniorWinter\\IntroToSoftware\\Term_Project\\webapp\\src\\serviceWorker.js": {"path":"C:\\Users\\Guts\\Desktop\\school\\JuniorWinter\\IntroToSoftware\\Term_Project\\webapp\\src\\serviceWorker.js","statementMap":{"0":{"start":{"line":13,"column":20},"end":{"line":13,"column":0}},"1":{"start":{"line":24,"column":2},"end":{"line":54,"column":3}},"2":{"start":{"line":26,"column":22},"end":{"line":26,"column":4}},"3":{"start":{"line":27,"column":4},"end":{"line":32,"column":5}},"4":{"start":{"line":31,"column":6},"end":{"line":null,"column":-1}},"5":{"start":{"line":34,"column":4},"end":{"line":null,"column":-1}},"6":{"start":{"line":35,"column":21},"end":{"line":35,"column":6}},"7":{"start":{"line":37,"column":6},"end":{"line":52,"column":7}},"8":{"start":{"line":39,"column":8},"end":{"line":37,"column":23}},"9":{"start":{"line":43,"column":8},"end":{"line":null,"column":-1}},"10":{"start":{"line":44,"column":10},"end":{"line":null,"column":-1}},"11":{"start":{"line":51,"column":8},"end":{"line":null,"column":-1}},"12":{"start":{"line":58,"column":2},"end":{"line":null,"column":-1}},"13":{"start":{"line":61,"column":6},"end":{"line":null,"column":-1}},"14":{"start":{"line":62,"column":33},"end":{"line":62,"column":8}},"15":{"start":{"line":63,"column":8},"end":{"line":65,"column":9}},"16":{"start":{"line":64,"column":10},"end":{"line":null,"column":-1}},"17":{"start":{"line":66,"column":8},"end":{"line":null,"column":-1}},"18":{"start":{"line":67,"column":10},"end":{"line":92,"column":11}},"19":{"start":{"line":68,"column":12},"end":{"line":91,"column":13}},"20":{"start":{"line":72,"column":14},"end":{"line":68,"column":52}},"21":{"start":{"line":78,"column":14},"end":{"line":80,"column":15}},"22":{"start":{"line":79,"column":16},"end":{"line":null,"column":-1}},"23":{"start":{"line":85,"column":14},"end":{"line":81,"column":19}},"24":{"start":{"line":88,"column":14},"end":{"line":90,"column":15}},"25":{"start":{"line":89,"column":16},"end":{"line":null,"column":-1}},"26":{"start":{"line":97,"column":6},"end":{"line":null,"column":-1}},"27":{"start":{"line":103,"column":2},"end":{"line":null,"column":-1}},"28":{"start":{"line":106,"column":26},"end":{"line":106,"column":6}},"29":{"start":{"line":107,"column":6},"end":{"line":120,"column":7}},"30":{"start":{"line":112,"column":8},"end":{"line":null,"column":-1}},"31":{"start":{"line":113,"column":10},"end":{"line":null,"column":-1}},"32":{"start":{"line":114,"column":12},"end":{"line":null,"column":-1}},"33":{"start":{"line":119,"column":8},"end":{"line":null,"column":-1}},"34":{"start":{"line":123,"column":6},"end":{"line":null,"column":-1}},"35":{"start":{"line":130,"column":2},"end":{"line":134,"column":3}},"36":{"start":{"line":131,"column":4},"end":{"line":null,"column":-1}},"37":{"start":{"line":132,"column":6},"end":{"line":null,"column":-1}}},"fnMap":{"0":{"name":"register","decl":{"start":{"line":23,"column":16},"end":{"line":23,"column":7}},"loc":{"start":{"line":23,"column":33},"end":{"line":55,"column":1}}},"1":{"name":"(anonymous_1)","decl":{"start":{"line":34,"column":36},"end":{"line":34,"column":41}},"loc":{"start":{"line":34,"column":42},"end":{"line":34,"column":4}}},"2":{"name":"(anonymous_2)","decl":{"start":{"line":43,"column":43},"end":{"line":43,"column":48}},"loc":{"start":{"line":43,"column":49},"end":{"line":43,"column":8}}},"3":{"name":"registerValidSW","decl":{"start":{"line":57,"column":9},"end":{"line":57,"column":0}},"loc":{"start":{"line":57,"column":40},"end":{"line":99,"column":1}}},"4":{"name":"(anonymous_4)","decl":{"start":{"line":60,"column":10},"end":{"line":60,"column":21}},"loc":{"start":{"line":60,"column":26},"end":{"line":58,"column":2}}},"5":{"name":"(anonymous_5)","decl":{"start":{"line":61,"column":35},"end":{"line":61,"column":40}},"loc":{"start":{"line":61,"column":41},"end":{"line":61,"column":6}}},"6":{"name":"(anonymous_6)","decl":{"start":{"line":66,"column":41},"end":{"line":66,"column":46}},"loc":{"start":{"line":66,"column":47},"end":{"line":66,"column":8}}},"7":{"name":"(anonymous_7)","decl":{"start":{"line":96,"column":11},"end":{"line":96,"column":15}},"loc":{"start":{"line":96,"column":20},"end":{"line":58,"column":2}}},"8":{"name":"checkValidServiceWorker","decl":{"start":{"line":101,"column":9},"end":{"line":101,"column":0}},"loc":{"start":{"line":101,"column":48},"end":{"line":127,"column":1}}},"9":{"name":"(anonymous_9)","decl":{"start":{"line":104,"column":10},"end":{"line":104,"column":17}},"loc":{"start":{"line":104,"column":22},"end":{"line":103,"column":2}}},"10":{"name":"(anonymous_10)","decl":{"start":{"line":112,"column":43},"end":{"line":112,"column":54}},"loc":{"start":{"line":112,"column":59},"end":{"line":112,"column":8}}},"11":{"name":"(anonymous_11)","decl":{"start":{"line":113,"column":41},"end":{"line":113,"column":46}},"loc":{"start":{"line":113,"column":47},"end":{"line":113,"column":10}}},"12":{"name":"(anonymous_12)","decl":{"start":{"line":122,"column":11},"end":{"line":122,"column":16}},"loc":{"start":{"line":122,"column":17},"end":{"line":103,"column":2}}},"13":{"name":"unregister","decl":{"start":{"line":129,"column":16},"end":{"line":129,"column":7}},"loc":{"start":{"line":129,"column":29},"end":{"line":135,"column":1}}},"14":{"name":"(anonymous_14)","decl":{"start":{"line":131,"column":39},"end":{"line":131,"column":50}},"loc":{"start":{"line":131,"column":55},"end":{"line":131,"column":4}}}},"branchMap":{"0":{"loc":{"start":{"line":14,"column":2},"end":{"line":14,"column":1}},"type":"binary-expr","locations":[{"start":{"line":14,"column":2},"end":{"line":14,"column":1}},{"start":{"line":16,"column":4},"end":{"line":14,"column":2}},{"start":{"line":18,"column":4},"end":{"line":13,"column":27}}]},"1":{"loc":{"start":{"line":24,"column":2},"end":{"line":54,"column":3}},"type":"if","locations":[{"start":{"line":24,"column":2},"end":{"line":54,"column":3}},{"start":{"line":24,"column":2},"end":{"line":54,"column":3}}]},"2":{"loc":{"start":{"line":24,"column":6},"end":{"line":24,"column":5}},"type":"binary-expr","locations":[{"start":{"line":24,"column":6},"end":{"line":24,"column":5}},{"start":{"line":24,"column":47},"end":{"line":24,"column":2}}]},"3":{"loc":{"start":{"line":27,"column":4},"end":{"line":32,"column":5}},"type":"if","locations":[{"start":{"line":27,"column":4},"end":{"line":32,"column":5}},{"start":{"line":27,"column":4},"end":{"line":32,"column":5}}]},"4":{"loc":{"start":{"line":37,"column":6},"end":{"line":52,"column":7}},"type":"if","locations":[{"start":{"line":37,"column":6},"end":{"line":52,"column":7}},{"start":{"line":37,"column":6},"end":{"line":52,"column":7}}]},"5":{"loc":{"start":{"line":63,"column":8},"end":{"line":65,"column":9}},"type":"if","locations":[{"start":{"line":63,"column":8},"end":{"line":65,"column":9}},{"start":{"line":63,"column":8},"end":{"line":65,"column":9}}]},"6":{"loc":{"start":{"line":67,"column":10},"end":{"line":92,"column":11}},"type":"if","locations":[{"start":{"line":67,"column":10},"end":{"line":92,"column":11}},{"start":{"line":67,"column":10},"end":{"line":92,"column":11}}]},"7":{"loc":{"start":{"line":68,"column":12},"end":{"line":91,"column":13}},"type":"if","locations":[{"start":{"line":68,"column":12},"end":{"line":91,"column":13}},{"start":{"line":68,"column":12},"end":{"line":91,"column":13}}]},"8":{"loc":{"start":{"line":78,"column":14},"end":{"line":80,"column":15}},"type":"if","locations":[{"start":{"line":78,"column":14},"end":{"line":80,"column":15}},{"start":{"line":78,"column":14},"end":{"line":80,"column":15}}]},"9":{"loc":{"start":{"line":78,"column":18},"end":{"line":78,"column":24}},"type":"binary-expr","locations":[{"start":{"line":78,"column":18},"end":{"line":78,"column":24}},{"start":{"line":78,"column":28},"end":{"line":78,"column":14}}]},"10":{"loc":{"start":{"line":88,"column":14},"end":{"line":90,"column":15}},"type":"if","locations":[{"start":{"line":88,"column":14},"end":{"line":90,"column":15}},{"start":{"line":88,"column":14},"end":{"line":90,"column":15}}]},"11":{"loc":{"start":{"line":88,"column":18},"end":{"line":88,"column":24}},"type":"binary-expr","locations":[{"start":{"line":88,"column":18},"end":{"line":88,"column":24}},{"start":{"line":88,"column":28},"end":{"line":88,"column":14}}]},"12":{"loc":{"start":{"line":107,"column":6},"end":{"line":120,"column":7}},"type":"if","locations":[{"start":{"line":107,"column":6},"end":{"line":120,"column":7}},{"start":{"line":107,"column":6},"end":{"line":120,"column":7}}]},"13":{"loc":{"start":{"line":108,"column":8},"end":{"line":108,"column":7}},"type":"binary-expr","locations":[{"start":{"line":108,"column":8},"end":{"line":108,"column":7}},{"start":{"line":109,"column":9},"end":{"line":109,"column":8}},{"start":{"line":109,"column":32},"end":{"line":107,"column":6}}]},"14":{"loc":{"start":{"line":130,"column":2},"end":{"line":134,"column":3}},"type":"if","locations":[{"start":{"line":130,"column":2},"end":{"line":134,"column":3}},{"start":{"line":130,"column":2},"end":{"line":134,"column":3}}]}},"s":{"0":0,"1":0,"2":0,"3":0,"4":0,"5":0,"6":0,"7":0,"8":0,"9":0,"10":0,"11":0,"12":0,"13":0,"14":0,"15":0,"16":0,"17":0,"18":0,"19":0,"20":0,"21":0,"22":0,"23":0,"24":0,"25":0,"26":0,"27":0,"28":0,"29":0,"30":0,"31":0,"32":0,"33":0,"34":0,"35":0,"36":0,"37":0},"f":{"0":0,"1":0,"2":0,"3":0,"4":0,"5":0,"6":0,"7":0,"8":0,"9":0,"10":0,"11":0,"12":0,"13":0,"14":0},"b":{"0":[0,0,0],"1":[0,0],"2":[0,0],"3":[0,0],"4":[0,0],"5":[0,0],"6":[0,0],"7":[0,0],"8":[0,0],"9":[0,0],"10":[0,0],"11":[0,0],"12":[0,0],"13":[0,0,0],"14":[0,0]}}
,"C:\\Users\\Guts\\Desktop\\school\\JuniorWinter\\IntroToSoftware\\Term_Project\\webapp\\src\\components\\ColorInput\\ColorInput.js": {"path":"C:\\Users\\Guts\\Desktop\\school\\JuniorWinter\\IntroToSoftware\\Term_Project\\webapp\\src\\components\\ColorInput\\ColorInput.js","statementMap":{"0":{"start":{"line":3,"column":19},"end":{"line":24,"column":1}},"1":{"start":{"line":4,"column":12},"end":{"line":4,"column":22}},"2":{"start":{"line":5,"column":1},"end":{"line":6,"column":23}},"3":{"start":{"line":6,"column":2},"end":{"line":6,"column":23}},"4":{"start":{"line":9,"column":1},"end":{"line":23,"column":4}}},"fnMap":{"0":{"name":"(anonymous_0)","decl":{"start":{"line":3,"column":19},"end":{"line":3,"column":20}},"loc":{"start":{"line":3,"column":28},"end":{"line":24,"column":1}},"line":3}},"branchMap":{"0":{"loc":{"start":{"line":5,"column":1},"end":{"line":6,"column":23}},"type":"if","locations":[{"start":{"line":5,"column":1},"end":{"line":6,"column":23}},{"start":{"line":5,"column":1},"end":{"line":6,"column":23}}],"line":5}},"s":{"0":3,"1":11,"2":11,"3":1,"4":11},"f":{"0":11},"b":{"0":[1,10]},"_coverageSchema":"332fd63041d2c1bcb487cc26dd0d5f7d97098a6c","hash":"91b2b399230e652f67d566585b2f1ce8321c1f18"}
,"C:\\Users\\Guts\\Desktop\\school\\JuniorWinter\\IntroToSoftware\\Term_Project\\webapp\\src\\components\\ImageInput\\ImageInput.js": {"path":"C:\\Users\\Guts\\Desktop\\school\\JuniorWinter\\IntroToSoftware\\Term_Project\\webapp\\src\\components\\ImageInput\\ImageInput.js","statementMap":{"0":{"start":{"line":3,"column":19},"end":{"line":16,"column":1}},"1":{"start":{"line":4,"column":1},"end":{"line":15,"column":4}}},"fnMap":{"0":{"name":"(anonymous_0)","decl":{"start":{"line":3,"column":19},"end":{"line":3,"column":20}},"loc":{"start":{"line":3,"column":28},"end":{"line":16,"column":1}},"line":3}},"branchMap":{},"s":{"0":2,"1":8},"f":{"0":8},"b":{},"_coverageSchema":"332fd63041d2c1bcb487cc26dd0d5f7d97098a6c","hash":"80d0e1875349dbe20174b96c2158cf209caad6b4"}
,"C:\\Users\\Guts\\Desktop\\school\\JuniorWinter\\IntroToSoftware\\Term_Project\\webapp\\src\\components\\Save\\Save.js": {"path":"C:\\Users\\Guts\\Desktop\\school\\JuniorWinter\\IntroToSoftware\\Term_Project\\webapp\\src\\components\\Save\\Save.js","statementMap":{"0":{"start":{"line":13,"column":2},"end":{"line":16,"column":5}},"1":{"start":{"line":15,"column":6},"end":{"line":15,"column":51}},"2":{"start":{"line":21,"column":12},"end":{"line":21,"column":23}},"3":{"start":{"line":22,"column":22},"end":{"line":22,"column":24}},"4":{"start":{"line":24,"column":2},"end":{"line":34,"column":5}},"5":{"start":{"line":25,"column":3},"end":{"line":33,"column":4}},"6":{"start":{"line":26,"column":4},"end":{"line":32,"column":67}},"7":{"start":{"line":27,"column":5},"end":{"line":30,"column":48}},"8":{"start":{"line":28,"column":6},"end":{"line":28,"column":55}},"9":{"start":{"line":30,"column":6},"end":{"line":30,"column":48}},"10":{"start":{"line":32,"column":5},"end":{"line":32,"column":67}},"11":{"start":{"line":36,"column":2},"end":{"line":36,"column":41}},"12":{"start":{"line":38,"column":2},"end":{"line":44,"column":3}},"13":{"start":{"line":39,"column":13},"end":{"line":39,"column":33}},"14":{"start":{"line":40,"column":3},"end":{"line":43,"column":6}},"15":{"start":{"line":41,"column":4},"end":{"line":42,"column":45}},"16":{"start":{"line":42,"column":5},"end":{"line":42,"column":45}},"17":{"start":{"line":47,"column":2},"end":{"line":54,"column":4}},"18":{"start":{"line":51,"column":19},"end":{"line":51,"column":39}}},"fnMap":{"0":{"name":"(anonymous_0)","decl":{"start":{"line":12,"column":14},"end":{"line":12,"column":15}},"loc":{"start":{"line":12,"column":23},"end":{"line":17,"column":2}},"line":12},"1":{"name":"(anonymous_1)","decl":{"start":{"line":14,"column":8},"end":{"line":14,"column":9}},"loc":{"start":{"line":14,"column":19},"end":{"line":16,"column":3}},"line":14},"2":{"name":"(anonymous_2)","decl":{"start":{"line":20,"column":1},"end":{"line":20,"column":2}},"loc":{"start":{"line":20,"column":10},"end":{"line":55,"column":2}},"line":20},"3":{"name":"(anonymous_3)","decl":{"start":{"line":24,"column":31},"end":{"line":24,"column":32}},"loc":{"start":{"line":24,"column":39},"end":{"line":34,"column":3}},"line":24},"4":{"name":"(anonymous_4)","decl":{"start":{"line":40,"column":32},"end":{"line":40,"column":33}},"loc":{"start":{"line":40,"column":39},"end":{"line":43,"column":4}},"line":40},"5":{"name":"(anonymous_5)","decl":{"start":{"line":51,"column":13},"end":{"line":51,"column":14}},"loc":{"start":{"line":51,"column":19},"end":{"line":51,"column":39}},"line":51}},"branchMap":{"0":{"loc":{"start":{"line":25,"column":3},"end":{"line":33,"column":4}},"type":"if","locations":[{"start":{"line":25,"column":3},"end":{"line":33,"column":4}},{"start":{"line":25,"column":3},"end":{"line":33,"column":4}}],"line":25},"1":{"loc":{"start":{"line":26,"column":4},"end":{"line":32,"column":67}},"type":"if","locations":[{"start":{"line":26,"column":4},"end":{"line":32,"column":67}},{"start":{"line":26,"column":4},"end":{"line":32,"column":67}}],"line":26},"2":{"loc":{"start":{"line":27,"column":5},"end":{"line":30,"column":48}},"type":"if","locations":[{"start":{"line":27,"column":5},"end":{"line":30,"column":48}},{"start":{"line":27,"column":5},"end":{"line":30,"column":48}}],"line":27},"3":{"loc":{"start":{"line":38,"column":2},"end":{"line":44,"column":3}},"type":"if","locations":[{"start":{"line":38,"column":2},"end":{"line":44,"column":3}},{"start":{"line":38,"column":2},"end":{"line":44,"column":3}}],"line":38},"4":{"loc":{"start":{"line":41,"column":4},"end":{"line":42,"column":45}},"type":"if","locations":[{"start":{"line":41,"column":4},"end":{"line":42,"column":45}},{"start":{"line":41,"column":4},"end":{"line":42,"column":45}}],"line":41}},"s":{"0":0,"1":0,"2":19,"3":19,"4":19,"5":43,"6":35,"7":32,"8":8,"9":24,"10":3,"11":19,"12":19,"13":16,"14":16,"15":8,"16":0,"17":19,"18":0},"f":{"0":0,"1":0,"2":19,"3":43,"4":8,"5":0},"b":{"0":[35,8],"1":[32,3],"2":[8,24],"3":[16,3],"4":[0,8]},"_coverageSchema":"332fd63041d2c1bcb487cc26dd0d5f7d97098a6c","hash":"8c13400f3f458a8c8c5c82d5984029f3efedd81a"}
,"C:\\Users\\Guts\\Desktop\\school\\JuniorWinter\\IntroToSoftware\\Term_Project\\webapp\\src\\components\\StringInput\\StringInput.js": {"path":"C:\\Users\\Guts\\Desktop\\school\\JuniorWinter\\IntroToSoftware\\Term_Project\\webapp\\src\\components\\StringInput\\StringInput.js","statementMap":{"0":{"start":{"line":3,"column":20},"end":{"line":21,"column":1}},"1":{"start":{"line":5,"column":11},"end":{"line":5,"column":13}},"2":{"start":{"line":6,"column":1},"end":{"line":7,"column":18}},"3":{"start":{"line":7,"column":2},"end":{"line":7,"column":18}},"4":{"start":{"line":9,"column":1},"end":{"line":20,"column":4}}},"fnMap":{"0":{"name":"(anonymous_0)","decl":{"start":{"line":3,"column":20},"end":{"line":3,"column":21}},"loc":{"start":{"line":3,"column":29},"end":{"line":21,"column":1}},"line":3}},"branchMap":{"0":{"loc":{"start":{"line":6,"column":1},"end":{"line":7,"column":18}},"type":"if","locations":[{"start":{"line":6,"column":1},"end":{"line":7,"column":18}},{"start":{"line":6,"column":1},"end":{"line":7,"column":18}}],"line":6}},"s":{"0":3,"1":27,"2":27,"3":2,"4":27},"f":{"0":27},"b":{"0":[2,25]},"_coverageSchema":"332fd63041d2c1bcb487cc26dd0d5f7d97098a6c","hash":"742454fa6227047a157713926c573089600b2b8d"}
,"C:\\Users\\Guts\\Desktop\\school\\JuniorWinter\\IntroToSoftware\\Term_Project\\webapp\\src\\containers\\Generator\\Generator.js": {"path":"C:\\Users\\Guts\\Desktop\\school\\JuniorWinter\\IntroToSoftware\\Term_Project\\webapp\\src\\containers\\Generator\\Generator.js","statementMap":{"0":{"start":{"line":18,"column":17},"end":{"line":18,"column":47}},"1":{"start":{"line":21,"column":2},"end":{"line":21,"column":57}},"2":{"start":{"line":23,"column":2},"end":{"line":26,"column":5}},"3":{"start":{"line":31,"column":18},"end":{"line":31,"column":20}},"4":{"start":{"line":33,"column":2},"end":{"line":36,"column":5}},"5":{"start":{"line":34,"column":18},"end":{"line":34,"column":58}},"6":{"start":{"line":35,"column":3},"end":{"line":35,"column":40}},"7":{"start":{"line":38,"column":2},"end":{"line":38,"column":19}},"8":{"start":{"line":43,"column":18},"end":{"line":43,"column":20}},"9":{"start":{"line":45,"column":2},"end":{"line":48,"column":5}},"10":{"start":{"line":46,"column":18},"end":{"line":46,"column":58}},"11":{"start":{"line":47,"column":3},"end":{"line":47,"column":40}},"12":{"start":{"line":50,"column":2},"end":{"line":50,"column":19}},"13":{"start":{"line":54,"column":18},"end":{"line":54,"column":20}},"14":{"start":{"line":56,"column":2},"end":{"line":59,"column":5}},"15":{"start":{"line":57,"column":18},"end":{"line":57,"column":58}},"16":{"start":{"line":58,"column":3},"end":{"line":58,"column":40}},"17":{"start":{"line":61,"column":2},"end":{"line":61,"column":19}},"18":{"start":{"line":66,"column":15},"end":{"line":66,"column":17}},"19":{"start":{"line":67,"column":24},"end":{"line":67,"column":50}},"20":{"start":{"line":68,"column":23},"end":{"line":68,"column":48}},"21":{"start":{"line":69,"column":23},"end":{"line":69,"column":48}},"22":{"start":{"line":71,"column":2},"end":{"line":75,"column":5}},"23":{"start":{"line":77,"column":2},"end":{"line":77,"column":16}},"24":{"start":{"line":82,"column":18},"end":{"line":82,"column":20}},"25":{"start":{"line":83,"column":25},"end":{"line":83,"column":26}},"26":{"start":{"line":84,"column":22},"end":{"line":84,"column":24}},"27":{"start":{"line":86,"column":2},"end":{"line":90,"column":3}},"28":{"start":{"line":87,"column":3},"end":{"line":87,"column":58}},"29":{"start":{"line":88,"column":3},"end":{"line":88,"column":57}},"30":{"start":{"line":89,"column":3},"end":{"line":89,"column":30}},"31":{"start":{"line":92,"column":17},"end":{"line":96,"column":3}},"32":{"start":{"line":98,"column":2},"end":{"line":98,"column":18}},"33":{"start":{"line":104,"column":2},"end":{"line":107,"column":26}},"34":{"start":{"line":105,"column":3},"end":{"line":105,"column":29}},"35":{"start":{"line":107,"column":3},"end":{"line":107,"column":26}},"36":{"start":{"line":108,"column":15},"end":{"line":108,"column":28}},"37":{"start":{"line":110,"column":2},"end":{"line":112,"column":5}},"38":{"start":{"line":117,"column":18},"end":{"line":117,"column":20}},"39":{"start":{"line":118,"column":22},"end":{"line":118,"column":24}},"40":{"start":{"line":119,"column":21},"end":{"line":119,"column":23}},"41":{"start":{"line":120,"column":24},"end":{"line":120,"column":26}},"42":{"start":{"line":123,"column":2},"end":{"line":128,"column":4}},"43":{"start":{"line":124,"column":3},"end":{"line":124,"column":33}},"44":{"start":{"line":125,"column":3},"end":{"line":125,"column":47}},"45":{"start":{"line":126,"column":3},"end":{"line":126,"column":52}},"46":{"start":{"line":127,"column":3},"end":{"line":127,"column":44}},"47":{"start":{"line":131,"column":17},"end":{"line":169,"column":4}},"48":{"start":{"line":132,"column":3},"end":{"line":168,"column":4}},"49":{"start":{"line":134,"column":19},"end":{"line":134,"column":32}},"50":{"start":{"line":135,"column":5},"end":{"line":143,"column":8}},"51":{"start":{"line":147,"column":19},"end":{"line":147,"column":32}},"52":{"start":{"line":148,"column":5},"end":{"line":156,"column":8}},"53":{"start":{"line":158,"column":5},"end":{"line":165,"column":8}},"54":{"start":{"line":167,"column":5},"end":{"line":167,"column":17}},"55":{"start":{"line":172,"column":18},"end":{"line":172,"column":20}},"56":{"start":{"line":173,"column":2},"end":{"line":176,"column":5}},"57":{"start":{"line":174,"column":3},"end":{"line":175,"column":58}},"58":{"start":{"line":175,"column":4},"end":{"line":175,"column":58}},"59":{"start":{"line":178,"column":2},"end":{"line":178,"column":25}},"60":{"start":{"line":180,"column":14},"end":{"line":180,"column":21}},"61":{"start":{"line":181,"column":2},"end":{"line":188,"column":3}},"62":{"start":{"line":182,"column":3},"end":{"line":187,"column":6}},"63":{"start":{"line":191,"column":2},"end":{"line":200,"column":4}}},"fnMap":{"0":{"name":"(anonymous_0)","decl":{"start":{"line":17,"column":1},"end":{"line":17,"column":2}},"loc":{"start":{"line":17,"column":21},"end":{"line":27,"column":2}},"line":17},"1":{"name":"(anonymous_1)","decl":{"start":{"line":30,"column":19},"end":{"line":30,"column":20}},"loc":{"start":{"line":30,"column":27},"end":{"line":40,"column":2}},"line":30},"2":{"name":"(anonymous_2)","decl":{"start":{"line":33,"column":48},"end":{"line":33,"column":49}},"loc":{"start":{"line":33,"column":55},"end":{"line":36,"column":3}},"line":33},"3":{"name":"(anonymous_3)","decl":{"start":{"line":42,"column":18},"end":{"line":42,"column":19}},"loc":{"start":{"line":42,"column":26},"end":{"line":51,"column":2}},"line":42},"4":{"name":"(anonymous_4)","decl":{"start":{"line":45,"column":47},"end":{"line":45,"column":48}},"loc":{"start":{"line":45,"column":54},"end":{"line":48,"column":3}},"line":45},"5":{"name":"(anonymous_5)","decl":{"start":{"line":53,"column":18},"end":{"line":53,"column":19}},"loc":{"start":{"line":53,"column":26},"end":{"line":62,"column":2}},"line":53},"6":{"name":"(anonymous_6)","decl":{"start":{"line":56,"column":47},"end":{"line":56,"column":48}},"loc":{"start":{"line":56,"column":54},"end":{"line":59,"column":3}},"line":56},"7":{"name":"(anonymous_7)","decl":{"start":{"line":65,"column":12},"end":{"line":65,"column":13}},"loc":{"start":{"line":65,"column":20},"end":{"line":78,"column":2}},"line":65},"8":{"name":"(anonymous_8)","decl":{"start":{"line":81,"column":15},"end":{"line":81,"column":16}},"loc":{"start":{"line":81,"column":41},"end":{"line":99,"column":2}},"line":81},"9":{"name":"(anonymous_9)","decl":{"start":{"line":102,"column":21},"end":{"line":102,"column":22}},"loc":{"start":{"line":102,"column":26},"end":{"line":113,"column":2}},"line":102},"10":{"name":"(anonymous_10)","decl":{"start":{"line":116,"column":1},"end":{"line":116,"column":2}},"loc":{"start":{"line":116,"column":10},"end":{"line":201,"column":2}},"line":116},"11":{"name":"(anonymous_11)","decl":{"start":{"line":123,"column":28},"end":{"line":123,"column":29}},"loc":{"start":{"line":123,"column":35},"end":{"line":128,"column":3}},"line":123},"12":{"name":"(anonymous_12)","decl":{"start":{"line":131,"column":39},"end":{"line":131,"column":40}},"loc":{"start":{"line":131,"column":46},"end":{"line":169,"column":3}},"line":131},"13":{"name":"(anonymous_13)","decl":{"start":{"line":173,"column":28},"end":{"line":173,"column":29}},"loc":{"start":{"line":173,"column":35},"end":{"line":176,"column":3}},"line":173}},"branchMap":{"0":{"loc":{"start":{"line":21,"column":2},"end":{"line":21,"column":56}},"type":"cond-expr","locations":[{"start":{"line":21,"column":19},"end":{"line":21,"column":34}},{"start":{"line":21,"column":39},"end":{"line":21,"column":55}}],"line":21},"1":{"loc":{"start":{"line":104,"column":2},"end":{"line":107,"column":26}},"type":"if","locations":[{"start":{"line":104,"column":2},"end":{"line":107,"column":26}},{"start":{"line":104,"column":2},"end":{"line":107,"column":26}}],"line":104},"2":{"loc":{"start":{"line":132,"column":3},"end":{"line":168,"column":4}},"type":"switch","locations":[{"start":{"line":133,"column":4},"end":{"line":143,"column":8}},{"start":{"line":144,"column":4},"end":{"line":156,"column":8}},{"start":{"line":157,"column":4},"end":{"line":165,"column":8}},{"start":{"line":166,"column":4},"end":{"line":167,"column":17}}],"line":132},"3":{"loc":{"start":{"line":174,"column":3},"end":{"line":175,"column":58}},"type":"if","locations":[{"start":{"line":174,"column":3},"end":{"line":175,"column":58}},{"start":{"line":174,"column":3},"end":{"line":175,"column":58}}],"line":174},"4":{"loc":{"start":{"line":181,"column":2},"end":{"line":188,"column":3}},"type":"if","locations":[{"start":{"line":181,"column":2},"end":{"line":188,"column":3}},{"start":{"line":181,"column":2},"end":{"line":188,"column":3}}],"line":181}},"s":{"0":8,"1":8,"2":8,"3":10,"4":10,"5":30,"6":30,"7":10,"8":10,"9":10,"10":10,"11":10,"12":10,"13":10,"14":10,"15":10,"16":10,"17":10,"18":9,"19":9,"20":9,"21":9,"22":9,"23":9,"24":51,"25":51,"26":51,"27":51,"28":1326,"29":1326,"30":1326,"31":51,"32":51,"33":0,"34":0,"35":0,"36":0,"37":0,"38":16,"39":16,"40":16,"41":16,"42":16,"43":40,"44":40,"45":40,"46":40,"47":16,"48":40,"49":24,"50":24,"51":8,"52":8,"53":8,"54":0,"55":16,"56":16,"57":40,"58":8,"59":16,"60":16,"61":16,"62":8,"63":16},"f":{"0":8,"1":10,"2":30,"3":10,"4":10,"5":10,"6":10,"7":9,"8":51,"9":0,"10":16,"11":40,"12":40,"13":40},"b":{"0":[8,0],"1":[0,0],"2":[24,8,8,0],"3":[8,32],"4":[8,8]},"_coverageSchema":"332fd63041d2c1bcb487cc26dd0d5f7d97098a6c","hash":"bd88cf58cb1afac4455b6bb40559c282a3c0237b"}
}
