{"C:\\Users\\Guts\\Desktop\\school\\JuniorWinter\\IntroToSoftware\\Term_Project\\webapp\\RASP_APP\\src\\App.js": {"path":"C:\\Users\\Guts\\Desktop\\school\\JuniorWinter\\IntroToSoftware\\Term_Project\\webapp\\RASP_APP\\src\\App.js","statementMap":{"0":{"start":{"line":8,"column":4},"end":{"line":8,"column":59}}},"fnMap":{"0":{"name":"(anonymous_0)","decl":{"start":{"line":7,"column":2},"end":{"line":7,"column":3}},"loc":{"start":{"line":7,"column":11},"end":{"line":9,"column":3}},"line":7}},"branchMap":{},"s":{"0":1},"f":{"0":1},"b":{},"_coverageSchema":"332fd63041d2c1bcb487cc26dd0d5f7d97098a6c","hash":"b55849d195fab908d809414904a1e5ff28599c05"}
,"C:\\Users\\Guts\\Desktop\\school\\JuniorWinter\\IntroToSoftware\\Term_Project\\webapp\\RASP_APP\\src\\index.js": {"path":"C:\\Users\\Guts\\Desktop\\school\\JuniorWinter\\IntroToSoftware\\Term_Project\\webapp\\RASP_APP\\src\\index.js","statementMap":{"0":{"start":{"line":1,"column":0},"end":{"line":null,"column":-1}},"1":{"start":{"line":2,"column":0},"end":{"line":null,"column":-1}},"2":{"start":{"line":3,"column":0},"end":{"line":null,"column":-1}},"3":{"start":{"line":4,"column":0},"end":{"line":null,"column":-1}},"4":{"start":{"line":6,"column":0},"end":{"line":null,"column":-1}}},"fnMap":{},"branchMap":{},"s":{"0":0,"1":0,"2":0,"3":0,"4":0},"f":{},"b":{}}
,"C:\\Users\\Guts\\Desktop\\school\\JuniorWinter\\IntroToSoftware\\Term_Project\\webapp\\RASP_APP\\src\\components\\ColorInput\\ColorInput.js": {"path":"C:\\Users\\Guts\\Desktop\\school\\JuniorWinter\\IntroToSoftware\\Term_Project\\webapp\\RASP_APP\\src\\components\\ColorInput\\ColorInput.js","statementMap":{"0":{"start":{"line":3,"column":19},"end":{"line":21,"column":1}},"1":{"start":{"line":4,"column":13},"end":{"line":4,"column":23}},"2":{"start":{"line":5,"column":2},"end":{"line":5,"column":42}},"3":{"start":{"line":5,"column":21},"end":{"line":5,"column":42}},"4":{"start":{"line":7,"column":2},"end":{"line":20,"column":4}}},"fnMap":{"0":{"name":"(anonymous_0)","decl":{"start":{"line":3,"column":19},"end":{"line":3,"column":20}},"loc":{"start":{"line":3,"column":28},"end":{"line":21,"column":1}},"line":3}},"branchMap":{"0":{"loc":{"start":{"line":5,"column":2},"end":{"line":5,"column":42}},"type":"if","locations":[{"start":{"line":5,"column":2},"end":{"line":5,"column":42}},{"start":{"line":5,"column":2},"end":{"line":5,"column":42}}],"line":5}},"s":{"0":3,"1":11,"2":11,"3":1,"4":11},"f":{"0":11},"b":{"0":[1,10]},"_coverageSchema":"332fd63041d2c1bcb487cc26dd0d5f7d97098a6c","hash":"3c1b2ef6e6be50566aaf30dc89d02a27656dcccc"}
,"C:\\Users\\Guts\\Desktop\\school\\JuniorWinter\\IntroToSoftware\\Term_Project\\webapp\\RASP_APP\\src\\components\\ImageInput\\ImageInput.js": {"path":"C:\\Users\\Guts\\Desktop\\school\\JuniorWinter\\IntroToSoftware\\Term_Project\\webapp\\RASP_APP\\src\\components\\ImageInput\\ImageInput.js","statementMap":{"0":{"start":{"line":3,"column":19},"end":{"line":15,"column":1}},"1":{"start":{"line":4,"column":2},"end":{"line":14,"column":4}}},"fnMap":{"0":{"name":"(anonymous_0)","decl":{"start":{"line":3,"column":19},"end":{"line":3,"column":20}},"loc":{"start":{"line":3,"column":28},"end":{"line":15,"column":1}},"line":3}},"branchMap":{},"s":{"0":2,"1":8},"f":{"0":8},"b":{},"_coverageSchema":"332fd63041d2c1bcb487cc26dd0d5f7d97098a6c","hash":"02693e43de369324ad4084031a1c53413ef94121"}
,"C:\\Users\\Guts\\Desktop\\school\\JuniorWinter\\IntroToSoftware\\Term_Project\\webapp\\RASP_APP\\src\\components\\Save\\Save.js": {"path":"C:\\Users\\Guts\\Desktop\\school\\JuniorWinter\\IntroToSoftware\\Term_Project\\webapp\\RASP_APP\\src\\components\\Save\\Save.js","statementMap":{"0":{"start":{"line":10,"column":4},"end":{"line":12,"column":7}},"1":{"start":{"line":11,"column":6},"end":{"line":11,"column":51}},"2":{"start":{"line":16,"column":14},"end":{"line":16,"column":25}},"3":{"start":{"line":17,"column":24},"end":{"line":17,"column":26}},"4":{"start":{"line":19,"column":4},"end":{"line":27,"column":7}},"5":{"start":{"line":20,"column":6},"end":{"line":26,"column":7}},"6":{"start":{"line":21,"column":8},"end":{"line":25,"column":75}},"7":{"start":{"line":22,"column":10},"end":{"line":24,"column":55}},"8":{"start":{"line":23,"column":12},"end":{"line":23,"column":59}},"9":{"start":{"line":24,"column":15},"end":{"line":24,"column":55}},"10":{"start":{"line":25,"column":15},"end":{"line":25,"column":75}},"11":{"start":{"line":29,"column":4},"end":{"line":29,"column":43}},"12":{"start":{"line":31,"column":4},"end":{"line":36,"column":5}},"13":{"start":{"line":32,"column":16},"end":{"line":32,"column":36}},"14":{"start":{"line":33,"column":6},"end":{"line":35,"column":9}},"15":{"start":{"line":34,"column":8},"end":{"line":34,"column":59}},"16":{"start":{"line":34,"column":17},"end":{"line":34,"column":59}},"17":{"start":{"line":38,"column":4},"end":{"line":46,"column":6}},"18":{"start":{"line":42,"column":23},"end":{"line":42,"column":43}}},"fnMap":{"0":{"name":"(anonymous_0)","decl":{"start":{"line":9,"column":15},"end":{"line":9,"column":16}},"loc":{"start":{"line":9,"column":22},"end":{"line":13,"column":3}},"line":9},"1":{"name":"(anonymous_1)","decl":{"start":{"line":10,"column":45},"end":{"line":10,"column":46}},"loc":{"start":{"line":10,"column":56},"end":{"line":12,"column":5}},"line":10},"2":{"name":"(anonymous_2)","decl":{"start":{"line":15,"column":2},"end":{"line":15,"column":3}},"loc":{"start":{"line":15,"column":11},"end":{"line":47,"column":3}},"line":15},"3":{"name":"(anonymous_3)","decl":{"start":{"line":19,"column":33},"end":{"line":19,"column":34}},"loc":{"start":{"line":19,"column":41},"end":{"line":27,"column":5}},"line":19},"4":{"name":"(anonymous_4)","decl":{"start":{"line":33,"column":33},"end":{"line":33,"column":34}},"loc":{"start":{"line":33,"column":40},"end":{"line":35,"column":7}},"line":33},"5":{"name":"(anonymous_5)","decl":{"start":{"line":42,"column":17},"end":{"line":42,"column":18}},"loc":{"start":{"line":42,"column":23},"end":{"line":42,"column":43}},"line":42}},"branchMap":{"0":{"loc":{"start":{"line":20,"column":6},"end":{"line":26,"column":7}},"type":"if","locations":[{"start":{"line":20,"column":6},"end":{"line":26,"column":7}},{"start":{"line":20,"column":6},"end":{"line":26,"column":7}}],"line":20},"1":{"loc":{"start":{"line":21,"column":8},"end":{"line":25,"column":75}},"type":"if","locations":[{"start":{"line":21,"column":8},"end":{"line":25,"column":75}},{"start":{"line":21,"column":8},"end":{"line":25,"column":75}}],"line":21},"2":{"loc":{"start":{"line":22,"column":10},"end":{"line":24,"column":55}},"type":"if","locations":[{"start":{"line":22,"column":10},"end":{"line":24,"column":55}},{"start":{"line":22,"column":10},"end":{"line":24,"column":55}}],"line":22},"3":{"loc":{"start":{"line":31,"column":4},"end":{"line":36,"column":5}},"type":"if","locations":[{"start":{"line":31,"column":4},"end":{"line":36,"column":5}},{"start":{"line":31,"column":4},"end":{"line":36,"column":5}}],"line":31},"4":{"loc":{"start":{"line":34,"column":8},"end":{"line":34,"column":59}},"type":"if","locations":[{"start":{"line":34,"column":8},"end":{"line":34,"column":59}},{"start":{"line":34,"column":8},"end":{"line":34,"column":59}}],"line":34}},"s":{"0":0,"1":0,"2":19,"3":19,"4":19,"5":43,"6":35,"7":32,"8":8,"9":24,"10":3,"11":19,"12":19,"13":16,"14":16,"15":8,"16":0,"17":19,"18":0},"f":{"0":0,"1":0,"2":19,"3":43,"4":8,"5":0},"b":{"0":[35,8],"1":[32,3],"2":[8,24],"3":[16,3],"4":[0,8]},"_coverageSchema":"332fd63041d2c1bcb487cc26dd0d5f7d97098a6c","hash":"cd86a05467fb757024b28d1430bc23670cbf7a7a"}
,"C:\\Users\\Guts\\Desktop\\school\\JuniorWinter\\IntroToSoftware\\Term_Project\\webapp\\RASP_APP\\src\\components\\StringInput\\StringInput.js": {"path":"C:\\Users\\Guts\\Desktop\\school\\JuniorWinter\\IntroToSoftware\\Term_Project\\webapp\\RASP_APP\\src\\components\\StringInput\\StringInput.js","statementMap":{"0":{"start":{"line":3,"column":20},"end":{"line":18,"column":1}},"1":{"start":{"line":4,"column":12},"end":{"line":4,"column":14}},"2":{"start":{"line":5,"column":2},"end":{"line":5,"column":33}},"3":{"start":{"line":5,"column":17},"end":{"line":5,"column":33}},"4":{"start":{"line":7,"column":2},"end":{"line":17,"column":4}}},"fnMap":{"0":{"name":"(anonymous_0)","decl":{"start":{"line":3,"column":20},"end":{"line":3,"column":21}},"loc":{"start":{"line":3,"column":29},"end":{"line":18,"column":1}},"line":3}},"branchMap":{"0":{"loc":{"start":{"line":5,"column":2},"end":{"line":5,"column":33}},"type":"if","locations":[{"start":{"line":5,"column":2},"end":{"line":5,"column":33}},{"start":{"line":5,"column":2},"end":{"line":5,"column":33}}],"line":5}},"s":{"0":3,"1":27,"2":27,"3":2,"4":27},"f":{"0":27},"b":{"0":[2,25]},"_coverageSchema":"332fd63041d2c1bcb487cc26dd0d5f7d97098a6c","hash":"373b9d593ee97af7a6fb79c290f04b88ece18090"}
,"C:\\Users\\Guts\\Desktop\\school\\JuniorWinter\\IntroToSoftware\\Term_Project\\webapp\\RASP_APP\\src\\containers\\Generator\\Generator.js": {"path":"C:\\Users\\Guts\\Desktop\\school\\JuniorWinter\\IntroToSoftware\\Term_Project\\webapp\\RASP_APP\\src\\containers\\Generator\\Generator.js","statementMap":{"0":{"start":{"line":17,"column":19},"end":{"line":17,"column":49}},"1":{"start":{"line":20,"column":4},"end":{"line":20,"column":59}},"2":{"start":{"line":22,"column":4},"end":{"line":25,"column":7}},"3":{"start":{"line":29,"column":20},"end":{"line":29,"column":22}},"4":{"start":{"line":31,"column":4},"end":{"line":34,"column":7}},"5":{"start":{"line":32,"column":21},"end":{"line":32,"column":61}},"6":{"start":{"line":33,"column":6},"end":{"line":33,"column":43}},"7":{"start":{"line":36,"column":4},"end":{"line":36,"column":21}},"8":{"start":{"line":40,"column":20},"end":{"line":40,"column":22}},"9":{"start":{"line":42,"column":4},"end":{"line":45,"column":7}},"10":{"start":{"line":43,"column":21},"end":{"line":43,"column":61}},"11":{"start":{"line":44,"column":6},"end":{"line":44,"column":43}},"12":{"start":{"line":47,"column":4},"end":{"line":47,"column":21}},"13":{"start":{"line":51,"column":20},"end":{"line":51,"column":22}},"14":{"start":{"line":53,"column":4},"end":{"line":56,"column":7}},"15":{"start":{"line":54,"column":21},"end":{"line":54,"column":61}},"16":{"start":{"line":55,"column":6},"end":{"line":55,"column":43}},"17":{"start":{"line":58,"column":4},"end":{"line":58,"column":21}},"18":{"start":{"line":62,"column":17},"end":{"line":62,"column":19}},"19":{"start":{"line":63,"column":26},"end":{"line":63,"column":52}},"20":{"start":{"line":64,"column":25},"end":{"line":64,"column":50}},"21":{"start":{"line":65,"column":25},"end":{"line":65,"column":50}},"22":{"start":{"line":67,"column":4},"end":{"line":67,"column":72}},"23":{"start":{"line":69,"column":4},"end":{"line":69,"column":18}},"24":{"start":{"line":73,"column":20},"end":{"line":73,"column":22}},"25":{"start":{"line":74,"column":27},"end":{"line":74,"column":28}},"26":{"start":{"line":75,"column":24},"end":{"line":75,"column":26}},"27":{"start":{"line":77,"column":4},"end":{"line":81,"column":5}},"28":{"start":{"line":78,"column":6},"end":{"line":78,"column":61}},"29":{"start":{"line":79,"column":6},"end":{"line":79,"column":60}},"30":{"start":{"line":80,"column":6},"end":{"line":80,"column":33}},"31":{"start":{"line":83,"column":19},"end":{"line":87,"column":5}},"32":{"start":{"line":89,"column":4},"end":{"line":89,"column":20}},"33":{"start":{"line":94,"column":4},"end":{"line":95,"column":32}},"34":{"start":{"line":94,"column":24},"end":{"line":94,"column":50}},"35":{"start":{"line":95,"column":9},"end":{"line":95,"column":32}},"36":{"start":{"line":96,"column":17},"end":{"line":96,"column":30}},"37":{"start":{"line":98,"column":4},"end":{"line":100,"column":7}},"38":{"start":{"line":104,"column":20},"end":{"line":104,"column":22}},"39":{"start":{"line":105,"column":24},"end":{"line":105,"column":26}},"40":{"start":{"line":106,"column":23},"end":{"line":106,"column":25}},"41":{"start":{"line":107,"column":26},"end":{"line":107,"column":28}},"42":{"start":{"line":109,"column":4},"end":{"line":114,"column":7}},"43":{"start":{"line":110,"column":6},"end":{"line":110,"column":36}},"44":{"start":{"line":111,"column":6},"end":{"line":111,"column":50}},"45":{"start":{"line":112,"column":6},"end":{"line":112,"column":58}},"46":{"start":{"line":113,"column":6},"end":{"line":113,"column":47}},"47":{"start":{"line":116,"column":19},"end":{"line":154,"column":6}},"48":{"start":{"line":117,"column":6},"end":{"line":153,"column":7}},"49":{"start":{"line":119,"column":24},"end":{"line":119,"column":37}},"50":{"start":{"line":120,"column":10},"end":{"line":128,"column":12}},"51":{"start":{"line":132,"column":24},"end":{"line":132,"column":37}},"52":{"start":{"line":133,"column":10},"end":{"line":141,"column":12}},"53":{"start":{"line":143,"column":10},"end":{"line":150,"column":12}},"54":{"start":{"line":152,"column":10},"end":{"line":152,"column":22}},"55":{"start":{"line":156,"column":18},"end":{"line":156,"column":20}},"56":{"start":{"line":157,"column":4},"end":{"line":160,"column":7}},"57":{"start":{"line":158,"column":6},"end":{"line":159,"column":58}},"58":{"start":{"line":159,"column":8},"end":{"line":159,"column":58}},"59":{"start":{"line":162,"column":16},"end":{"line":162,"column":23}},"60":{"start":{"line":163,"column":4},"end":{"line":170,"column":5}},"61":{"start":{"line":164,"column":6},"end":{"line":169,"column":8}},"62":{"start":{"line":172,"column":4},"end":{"line":182,"column":6}}},"fnMap":{"0":{"name":"(anonymous_0)","decl":{"start":{"line":16,"column":2},"end":{"line":16,"column":3}},"loc":{"start":{"line":16,"column":22},"end":{"line":26,"column":3}},"line":16},"1":{"name":"(anonymous_1)","decl":{"start":{"line":28,"column":20},"end":{"line":28,"column":21}},"loc":{"start":{"line":28,"column":28},"end":{"line":37,"column":3}},"line":28},"2":{"name":"(anonymous_2)","decl":{"start":{"line":31,"column":50},"end":{"line":31,"column":51}},"loc":{"start":{"line":31,"column":57},"end":{"line":34,"column":5}},"line":31},"3":{"name":"(anonymous_3)","decl":{"start":{"line":39,"column":19},"end":{"line":39,"column":20}},"loc":{"start":{"line":39,"column":27},"end":{"line":48,"column":3}},"line":39},"4":{"name":"(anonymous_4)","decl":{"start":{"line":42,"column":49},"end":{"line":42,"column":50}},"loc":{"start":{"line":42,"column":56},"end":{"line":45,"column":5}},"line":42},"5":{"name":"(anonymous_5)","decl":{"start":{"line":50,"column":19},"end":{"line":50,"column":20}},"loc":{"start":{"line":50,"column":27},"end":{"line":59,"column":3}},"line":50},"6":{"name":"(anonymous_6)","decl":{"start":{"line":53,"column":49},"end":{"line":53,"column":50}},"loc":{"start":{"line":53,"column":56},"end":{"line":56,"column":5}},"line":53},"7":{"name":"(anonymous_7)","decl":{"start":{"line":61,"column":13},"end":{"line":61,"column":14}},"loc":{"start":{"line":61,"column":21},"end":{"line":70,"column":3}},"line":61},"8":{"name":"(anonymous_8)","decl":{"start":{"line":72,"column":16},"end":{"line":72,"column":17}},"loc":{"start":{"line":72,"column":42},"end":{"line":90,"column":3}},"line":72},"9":{"name":"(anonymous_9)","decl":{"start":{"line":92,"column":22},"end":{"line":92,"column":23}},"loc":{"start":{"line":92,"column":27},"end":{"line":101,"column":3}},"line":92},"10":{"name":"(anonymous_10)","decl":{"start":{"line":103,"column":2},"end":{"line":103,"column":3}},"loc":{"start":{"line":103,"column":11},"end":{"line":183,"column":3}},"line":103},"11":{"name":"(anonymous_11)","decl":{"start":{"line":109,"column":30},"end":{"line":109,"column":31}},"loc":{"start":{"line":109,"column":37},"end":{"line":114,"column":5}},"line":109},"12":{"name":"(anonymous_12)","decl":{"start":{"line":116,"column":41},"end":{"line":116,"column":42}},"loc":{"start":{"line":116,"column":48},"end":{"line":154,"column":5}},"line":116},"13":{"name":"(anonymous_13)","decl":{"start":{"line":157,"column":30},"end":{"line":157,"column":31}},"loc":{"start":{"line":157,"column":37},"end":{"line":160,"column":5}},"line":157}},"branchMap":{"0":{"loc":{"start":{"line":20,"column":4},"end":{"line":20,"column":58}},"type":"cond-expr","locations":[{"start":{"line":20,"column":21},"end":{"line":20,"column":36}},{"start":{"line":20,"column":41},"end":{"line":20,"column":57}}],"line":20},"1":{"loc":{"start":{"line":94,"column":4},"end":{"line":95,"column":32}},"type":"if","locations":[{"start":{"line":94,"column":4},"end":{"line":95,"column":32}},{"start":{"line":94,"column":4},"end":{"line":95,"column":32}}],"line":94},"2":{"loc":{"start":{"line":117,"column":6},"end":{"line":153,"column":7}},"type":"switch","locations":[{"start":{"line":118,"column":8},"end":{"line":128,"column":12}},{"start":{"line":129,"column":8},"end":{"line":141,"column":12}},{"start":{"line":142,"column":8},"end":{"line":150,"column":12}},{"start":{"line":151,"column":8},"end":{"line":152,"column":22}}],"line":117},"3":{"loc":{"start":{"line":158,"column":6},"end":{"line":159,"column":58}},"type":"if","locations":[{"start":{"line":158,"column":6},"end":{"line":159,"column":58}},{"start":{"line":158,"column":6},"end":{"line":159,"column":58}}],"line":158},"4":{"loc":{"start":{"line":163,"column":4},"end":{"line":170,"column":5}},"type":"if","locations":[{"start":{"line":163,"column":4},"end":{"line":170,"column":5}},{"start":{"line":163,"column":4},"end":{"line":170,"column":5}}],"line":163}},"s":{"0":8,"1":8,"2":8,"3":10,"4":10,"5":30,"6":30,"7":10,"8":10,"9":10,"10":10,"11":10,"12":10,"13":10,"14":10,"15":10,"16":10,"17":10,"18":9,"19":9,"20":9,"21":9,"22":9,"23":9,"24":51,"25":51,"26":51,"27":51,"28":1326,"29":1326,"30":1326,"31":51,"32":51,"33":0,"34":0,"35":0,"36":0,"37":0,"38":16,"39":16,"40":16,"41":16,"42":16,"43":40,"44":40,"45":40,"46":40,"47":16,"48":40,"49":24,"50":24,"51":8,"52":8,"53":8,"54":0,"55":16,"56":16,"57":40,"58":8,"59":16,"60":16,"61":8,"62":16},"f":{"0":8,"1":10,"2":30,"3":10,"4":10,"5":10,"6":10,"7":9,"8":51,"9":0,"10":16,"11":40,"12":40,"13":40},"b":{"0":[8,0],"1":[0,0],"2":[24,8,8,0],"3":[8,32],"4":[8,8]},"_coverageSchema":"332fd63041d2c1bcb487cc26dd0d5f7d97098a6c","hash":"64b72f119bed050eaf4890c53452f99b2b96e215"}
}
