TN:
SF:C:\Users\Guts\Desktop\school\JuniorWinter\IntroToSoftware\Term_Project\webapp\src\App.js
FN:7,(anonymous_0)
FNF:1
FNH:1
FNDA:1,(anonymous_0)
DA:8,1
LF:1
LH:1
BRF:0
BRH:0
end_of_record
TN:
SF:C:\Users\Guts\Desktop\school\JuniorWinter\IntroToSoftware\Term_Project\webapp\src\index.js
FNF:0
FNH:0
DA:1,0
DA:2,0
DA:3,0
DA:4,0
DA:6,0
LF:5
LH:0
BRF:0
BRH:0
end_of_record
TN:
SF:C:\Users\Guts\Desktop\school\JuniorWinter\IntroToSoftware\Term_Project\webapp\src\serviceWorker.js
FN:23,register
FN:34,(anonymous_1)
FN:43,(anonymous_2)
FN:57,registerValidSW
FN:60,(anonymous_4)
FN:61,(anonymous_5)
FN:66,(anonymous_6)
FN:96,(anonymous_7)
FN:101,checkValidServiceWorker
FN:104,(anonymous_9)
FN:112,(anonymous_10)
FN:113,(anonymous_11)
FN:122,(anonymous_12)
FN:129,unregister
FN:131,(anonymous_14)
FNF:15
FNH:0
FNDA:0,register
FNDA:0,(anonymous_1)
FNDA:0,(anonymous_2)
FNDA:0,registerValidSW
FNDA:0,(anonymous_4)
FNDA:0,(anonymous_5)
FNDA:0,(anonymous_6)
FNDA:0,(anonymous_7)
FNDA:0,checkValidServiceWorker
FNDA:0,(anonymous_9)
FNDA:0,(anonymous_10)
FNDA:0,(anonymous_11)
FNDA:0,(anonymous_12)
FNDA:0,unregister
FNDA:0,(anonymous_14)
DA:13,0
DA:24,0
DA:26,0
DA:27,0
DA:31,0
DA:34,0
DA:35,0
DA:37,0
DA:39,0
DA:43,0
DA:44,0
DA:51,0
DA:58,0
DA:61,0
DA:62,0
DA:63,0
DA:64,0
DA:66,0
DA:67,0
DA:68,0
DA:72,0
DA:78,0
DA:79,0
DA:85,0
DA:88,0
DA:89,0
DA:97,0
DA:103,0
DA:106,0
DA:107,0
DA:112,0
DA:113,0
DA:114,0
DA:119,0
DA:123,0
DA:130,0
DA:131,0
DA:132,0
LF:38
LH:0
BRDA:14,0,0,0
BRDA:14,0,1,0
BRDA:14,0,2,0
BRDA:24,1,0,0
BRDA:24,1,1,0
BRDA:24,2,0,0
BRDA:24,2,1,0
BRDA:27,3,0,0
BRDA:27,3,1,0
BRDA:37,4,0,0
BRDA:37,4,1,0
BRDA:63,5,0,0
BRDA:63,5,1,0
BRDA:67,6,0,0
BRDA:67,6,1,0
BRDA:68,7,0,0
BRDA:68,7,1,0
BRDA:78,8,0,0
BRDA:78,8,1,0
BRDA:78,9,0,0
BRDA:78,9,1,0
BRDA:88,10,0,0
BRDA:88,10,1,0
BRDA:88,11,0,0
BRDA:88,11,1,0
BRDA:107,12,0,0
BRDA:107,12,1,0
BRDA:108,13,0,0
BRDA:108,13,1,0
BRDA:108,13,2,0
BRDA:130,14,0,0
BRDA:130,14,1,0
BRF:32
BRH:0
end_of_record
TN:
SF:C:\Users\Guts\Desktop\school\JuniorWinter\IntroToSoftware\Term_Project\webapp\src\components\ColorInput\ColorInput.js
FN:3,(anonymous_0)
FNF:1
FNH:1
FNDA:11,(anonymous_0)
DA:3,3
DA:4,11
DA:5,11
DA:6,1
DA:9,11
LF:5
LH:5
BRDA:5,0,0,1
BRDA:5,0,1,10
BRF:2
BRH:2
end_of_record
TN:
SF:C:\Users\Guts\Desktop\school\JuniorWinter\IntroToSoftware\Term_Project\webapp\src\components\ImageInput\ImageInput.js
FN:3,(anonymous_0)
FNF:1
FNH:1
FNDA:8,(anonymous_0)
DA:3,2
DA:4,8
LF:2
LH:2
BRF:0
BRH:0
end_of_record
TN:
SF:C:\Users\Guts\Desktop\school\JuniorWinter\IntroToSoftware\Term_Project\webapp\src\components\Save\Save.js
FN:12,(anonymous_0)
FN:14,(anonymous_1)
FN:20,(anonymous_2)
FN:24,(anonymous_3)
FN:40,(anonymous_4)
FN:51,(anonymous_5)
FNF:6
FNH:3
FNDA:0,(anonymous_0)
FNDA:0,(anonymous_1)
FNDA:19,(anonymous_2)
FNDA:43,(anonymous_3)
FNDA:8,(anonymous_4)
FNDA:0,(anonymous_5)
DA:13,0
DA:15,0
DA:21,19
DA:22,19
DA:24,19
DA:25,43
DA:26,35
DA:27,32
DA:28,8
DA:30,24
DA:32,3
DA:36,19
DA:38,19
DA:39,16
DA:40,16
DA:41,8
DA:42,0
DA:47,19
DA:51,0
LF:19
LH:15
BRDA:25,0,0,35
BRDA:25,0,1,8
BRDA:26,1,0,32
BRDA:26,1,1,3
BRDA:27,2,0,8
BRDA:27,2,1,24
BRDA:38,3,0,16
BRDA:38,3,1,3
BRDA:41,4,0,0
BRDA:41,4,1,8
BRF:10
BRH:9
end_of_record
TN:
SF:C:\Users\Guts\Desktop\school\JuniorWinter\IntroToSoftware\Term_Project\webapp\src\components\StringInput\StringInput.js
FN:3,(anonymous_0)
FNF:1
FNH:1
FNDA:27,(anonymous_0)
DA:3,3
DA:5,27
DA:6,27
DA:7,2
DA:9,27
LF:5
LH:5
BRDA:6,0,0,2
BRDA:6,0,1,25
BRF:2
BRH:2
end_of_record
TN:
SF:C:\Users\Guts\Desktop\school\JuniorWinter\IntroToSoftware\Term_Project\webapp\src\containers\Generator\Generator.js
FN:17,(anonymous_0)
FN:30,(anonymous_1)
FN:33,(anonymous_2)
FN:42,(anonymous_3)
FN:45,(anonymous_4)
FN:53,(anonymous_5)
FN:56,(anonymous_6)
FN:65,(anonymous_7)
FN:81,(anonymous_8)
FN:102,(anonymous_9)
FN:116,(anonymous_10)
FN:123,(anonymous_11)
FN:131,(anonymous_12)
FN:173,(anonymous_13)
FNF:14
FNH:13
FNDA:8,(anonymous_0)
FNDA:10,(anonymous_1)
FNDA:30,(anonymous_2)
FNDA:10,(anonymous_3)
FNDA:10,(anonymous_4)
FNDA:10,(anonymous_5)
FNDA:10,(anonymous_6)
FNDA:9,(anonymous_7)
FNDA:51,(anonymous_8)
FNDA:0,(anonymous_9)
FNDA:16,(anonymous_10)
FNDA:40,(anonymous_11)
FNDA:40,(anonymous_12)
FNDA:40,(anonymous_13)
DA:18,8
DA:21,8
DA:23,8
DA:31,10
DA:33,10
DA:34,30
DA:35,30
DA:38,10
DA:43,10
DA:45,10
DA:46,10
DA:47,10
DA:50,10
DA:54,10
DA:56,10
DA:57,10
DA:58,10
DA:61,10
DA:66,9
DA:67,9
DA:68,9
DA:69,9
DA:71,9
DA:77,9
DA:82,51
DA:83,51
DA:84,51
DA:86,51
DA:87,1326
DA:88,1326
DA:89,1326
DA:92,51
DA:98,51
DA:104,0
DA:105,0
DA:107,0
DA:108,0
DA:110,0
DA:117,16
DA:118,16
DA:119,16
DA:120,16
DA:123,16
DA:124,40
DA:125,40
DA:126,40
DA:127,40
DA:131,16
DA:132,40
DA:134,24
DA:135,24
DA:147,8
DA:148,8
DA:158,8
DA:167,0
DA:172,16
DA:173,16
DA:174,40
DA:175,8
DA:178,16
DA:180,16
DA:181,16
DA:182,8
DA:191,16
LF:64
LH:58
BRDA:21,0,0,8
BRDA:21,0,1,0
BRDA:104,1,0,0
BRDA:104,1,1,0
BRDA:132,2,0,24
BRDA:132,2,1,8
BRDA:132,2,2,8
BRDA:132,2,3,0
BRDA:174,3,0,8
BRDA:174,3,1,32
BRDA:181,4,0,8
BRDA:181,4,1,8
BRF:12
BRH:8
end_of_record
