TN:
SF:C:\Users\Guts\Desktop\school\JuniorWinter\IntroToSoftware\Term_Project\webapp\RASP_APP\src\App.js
FN:7,(anonymous_0)
FNF:1
FNH:1
FNDA:1,(anonymous_0)
DA:8,1
LF:1
LH:1
BRF:0
BRH:0
end_of_record
TN:
SF:C:\Users\Guts\Desktop\school\JuniorWinter\IntroToSoftware\Term_Project\webapp\RASP_APP\src\index.js
FNF:0
FNH:0
DA:1,0
DA:2,0
DA:3,0
DA:4,0
DA:6,0
LF:5
LH:0
BRF:0
BRH:0
end_of_record
TN:
SF:C:\Users\Guts\Desktop\school\JuniorWinter\IntroToSoftware\Term_Project\webapp\RASP_APP\src\components\ColorInput\ColorInput.js
FN:3,(anonymous_0)
FNF:1
FNH:1
FNDA:11,(anonymous_0)
DA:3,3
DA:4,11
DA:5,11
DA:7,11
LF:4
LH:4
BRDA:5,0,0,1
BRDA:5,0,1,10
BRF:2
BRH:2
end_of_record
TN:
SF:C:\Users\Guts\Desktop\school\JuniorWinter\IntroToSoftware\Term_Project\webapp\RASP_APP\src\components\ImageInput\ImageInput.js
FN:3,(anonymous_0)
FNF:1
FNH:1
FNDA:8,(anonymous_0)
DA:3,2
DA:4,8
LF:2
LH:2
BRF:0
BRH:0
end_of_record
TN:
SF:C:\Users\Guts\Desktop\school\JuniorWinter\IntroToSoftware\Term_Project\webapp\RASP_APP\src\components\Save\Save.js
FN:9,(anonymous_0)
FN:10,(anonymous_1)
FN:15,(anonymous_2)
FN:19,(anonymous_3)
FN:33,(anonymous_4)
FN:42,(anonymous_5)
FNF:6
FNH:3
FNDA:0,(anonymous_0)
FNDA:0,(anonymous_1)
FNDA:19,(anonymous_2)
FNDA:43,(anonymous_3)
FNDA:8,(anonymous_4)
FNDA:0,(anonymous_5)
DA:10,0
DA:11,0
DA:16,19
DA:17,19
DA:19,19
DA:20,43
DA:21,35
DA:22,32
DA:23,8
DA:24,24
DA:25,3
DA:29,19
DA:31,19
DA:32,16
DA:33,16
DA:34,8
DA:38,19
DA:42,0
LF:18
LH:15
BRDA:20,0,0,35
BRDA:20,0,1,8
BRDA:21,1,0,32
BRDA:21,1,1,3
BRDA:22,2,0,8
BRDA:22,2,1,24
BRDA:31,3,0,16
BRDA:31,3,1,3
BRDA:34,4,0,0
BRDA:34,4,1,8
BRF:10
BRH:9
end_of_record
TN:
SF:C:\Users\Guts\Desktop\school\JuniorWinter\IntroToSoftware\Term_Project\webapp\RASP_APP\src\components\StringInput\StringInput.js
FN:3,(anonymous_0)
FNF:1
FNH:1
FNDA:27,(anonymous_0)
DA:3,3
DA:4,27
DA:5,27
DA:7,27
LF:4
LH:4
BRDA:5,0,0,2
BRDA:5,0,1,25
BRF:2
BRH:2
end_of_record
TN:
SF:C:\Users\Guts\Desktop\school\JuniorWinter\IntroToSoftware\Term_Project\webapp\RASP_APP\src\containers\Generator\Generator.js
FN:16,(anonymous_0)
FN:28,(anonymous_1)
FN:31,(anonymous_2)
FN:39,(anonymous_3)
FN:42,(anonymous_4)
FN:50,(anonymous_5)
FN:53,(anonymous_6)
FN:61,(anonymous_7)
FN:72,(anonymous_8)
FN:92,(anonymous_9)
FN:103,(anonymous_10)
FN:109,(anonymous_11)
FN:116,(anonymous_12)
FN:157,(anonymous_13)
FNF:14
FNH:13
FNDA:8,(anonymous_0)
FNDA:10,(anonymous_1)
FNDA:30,(anonymous_2)
FNDA:10,(anonymous_3)
FNDA:10,(anonymous_4)
FNDA:10,(anonymous_5)
FNDA:10,(anonymous_6)
FNDA:9,(anonymous_7)
FNDA:51,(anonymous_8)
FNDA:0,(anonymous_9)
FNDA:16,(anonymous_10)
FNDA:40,(anonymous_11)
FNDA:40,(anonymous_12)
FNDA:40,(anonymous_13)
DA:17,8
DA:20,8
DA:22,8
DA:29,10
DA:31,10
DA:32,30
DA:33,30
DA:36,10
DA:40,10
DA:42,10
DA:43,10
DA:44,10
DA:47,10
DA:51,10
DA:53,10
DA:54,10
DA:55,10
DA:58,10
DA:62,9
DA:63,9
DA:64,9
DA:65,9
DA:67,9
DA:69,9
DA:73,51
DA:74,51
DA:75,51
DA:77,51
DA:78,1326
DA:79,1326
DA:80,1326
DA:83,51
DA:89,51
DA:94,0
DA:95,0
DA:96,0
DA:98,0
DA:104,16
DA:105,16
DA:106,16
DA:107,16
DA:109,16
DA:110,40
DA:111,40
DA:112,40
DA:113,40
DA:116,16
DA:117,40
DA:119,24
DA:120,24
DA:132,8
DA:133,8
DA:143,8
DA:152,0
DA:156,16
DA:157,16
DA:158,40
DA:159,8
DA:162,16
DA:163,16
DA:164,8
DA:172,16
LF:62
LH:57
BRDA:20,0,0,8
BRDA:20,0,1,0
BRDA:94,1,0,0
BRDA:94,1,1,0
BRDA:117,2,0,24
BRDA:117,2,1,8
BRDA:117,2,2,8
BRDA:117,2,3,0
BRDA:158,3,0,8
BRDA:158,3,1,32
BRDA:163,4,0,8
BRDA:163,4,1,8
BRF:12
BRH:8
end_of_record
